Arguments: 
  /home/igor/.nvm/versions/node/v14.17.6/bin/node /usr/local/bin/yarn add ,

PATH: 
  /home/igor/.nvm/versions/node/v14.17.6/bin:/usr/local/sbin:/usr/local/bin:/usr/sbin:/usr/bin:/sbin:/bin:/usr/games:/usr/local/games:/snap/bin:/snap/bin:/home/igor/Documentos/Emulator/Android/Sdk/emulator:/home/igor/Documentos/Emulator/Android/Sdk/tools:/home/igor/Documentos/Emulator/Android/Sdk/tools/bin:/home/igor/Documentos/Emulator/Android/Sdk/platform-tools:/home/igor/Documentos/Emulator/Android/Sdk/emulator:/home/igor/Documentos/Emulator/Android/Sdk/tools:/home/igor/Documentos/Emulator/Android/Sdk/tools/bin:/home/igor/Documentos/Emulator/Android/Sdk/platform-tools

Yarn version: 
  1.22.10

Node version: 
  14.17.6

Platform: 
  linux x64

Trace: 
  Error: https://registry.yarnpkg.com/,: Not found
      at Request.params.callback [as _callback] (/usr/local/lib/node_modules/yarn/lib/cli.js:66988:18)
      at Request.self.callback (/usr/local/lib/node_modules/yarn/lib/cli.js:140662:22)
      at Request.emit (events.js:400:28)
      at Request.<anonymous> (/usr/local/lib/node_modules/yarn/lib/cli.js:141634:10)
      at Request.emit (events.js:400:28)
      at IncomingMessage.<anonymous> (/usr/local/lib/node_modules/yarn/lib/cli.js:141556:12)
      at Object.onceWrapper (events.js:519:28)
      at IncomingMessage.emit (events.js:412:35)
      at endReadableNT (internal/streams/readable.js:1317:12)
      at processTicksAndRejections (internal/process/task_queues.js:82:21)

npm manifest: 
  No manifest

yarn manifest: 
  No manifest

Lockfile: 
  No lockfile
